<?xml version="1.0" encoding="UTF-8"?>
<!-- Generated by org.testng.reporters.JUnitReportReporter -->
<testsuite hostname="LAPTOP-F7SGGQ8G" name="testrunner" tests="1" failures="0" timestamp="7 Nov 2019 09:27:42 GMT" time="6.612" errors="0">
  <testcase name="feature" time="6.612" classname="testrunner"/>
</testsuite> <!-- testrunner -->
