<?xml version="1.0" encoding="UTF-8"?>
<!-- Generated by org.testng.reporters.JUnitReportReporter -->
<testsuite hostname="LAPTOP-F7SGGQ8G" name="Runner.testrunner" tests="1" failures="0" timestamp="4 Sep 2019 05:25:18 GMT" time="2.890" errors="0">
  <testcase name="feature" time="2.890" classname="Runner.testrunner"/>
</testsuite> <!-- Runner.testrunner -->
